2025-03-21T22:36:01.206+05:30  INFO 73241 --- [backend] [restartedMain] c.s6_se_lab.backend.BackendApplication   : Starting BackendApplication using Java 17.0.14 with PID 73241 (/home/shifana/Desktop/githublin/SAP/backend/target/classes started by shifana in /home/shifana/Desktop/githublin/SAP)
2025-03-21T22:36:01.222+05:30  INFO 73241 --- [backend] [restartedMain] c.s6_se_lab.backend.BackendApplication   : No active profile set, falling back to 1 default profile: "default"
2025-03-21T22:36:01.461+05:30  INFO 73241 --- [backend] [restartedMain] .e.DevToolsPropertyDefaultsPostProcessor : Devtools property defaults active! Set 'spring.devtools.add-properties' to 'false' to disable
2025-03-21T22:36:01.466+05:30  INFO 73241 --- [backend] [restartedMain] .e.DevToolsPropertyDefaultsPostProcessor : For additional web related logging consider setting the 'logging.level.web' property to 'DEBUG'
2025-03-21T22:36:04.636+05:30  INFO 73241 --- [backend] [restartedMain] .s.d.r.c.RepositoryConfigurationDelegate : Bootstrapping Spring Data JPA repositories in DEFAULT mode.
2025-03-21T22:36:04.947+05:30  INFO 73241 --- [backend] [restartedMain] .s.d.r.c.RepositoryConfigurationDelegate : Finished Spring Data repository scanning in 286 ms. Found 3 JPA repository interfaces.
2025-03-21T22:36:05.570+05:30  WARN 73241 --- [backend] [restartedMain] o.m.s.mapper.ClassPathMapperScanner      : No MyBatis mapper was found in '[com.s6_se_lab.backend]' package. Please check your configuration.
2025-03-21T22:36:05.850+05:30  INFO 73241 --- [backend] [restartedMain] o.s.cloud.context.scope.GenericScope     : BeanFactory id=755e1506-eea7-34a1-857b-81d0b1ce379c
2025-03-21T22:36:07.813+05:30  INFO 73241 --- [backend] [restartedMain] o.s.b.w.embedded.tomcat.TomcatWebServer  : Tomcat initialized with port 8080 (http)
2025-03-21T22:36:07.858+05:30  INFO 73241 --- [backend] [restartedMain] o.apache.catalina.core.StandardService   : Starting service [Tomcat]
2025-03-21T22:36:07.864+05:30  INFO 73241 --- [backend] [restartedMain] o.apache.catalina.core.StandardEngine    : Starting Servlet engine: [Apache Tomcat/10.1.36]
2025-03-21T22:36:07.944+05:30  INFO 73241 --- [backend] [restartedMain] o.a.c.c.C.[Tomcat].[localhost].[/]       : Initializing Spring embedded WebApplicationContext
2025-03-21T22:36:07.944+05:30  INFO 73241 --- [backend] [restartedMain] w.s.c.ServletWebServerApplicationContext : Root WebApplicationContext: initialization completed in 6468 ms
2025-03-21T22:36:08.541+05:30  INFO 73241 --- [backend] [restartedMain] org.testcontainers.images.PullPolicy     : Image pull policy will be performed by: DefaultPullPolicy()
2025-03-21T22:36:08.549+05:30  INFO 73241 --- [backend] [restartedMain] o.t.utility.ImageNameSubstitutor         : Image name substitution will be performed by: DefaultImageNameSubstitutor (composite of 'ConfigurationFileImageNameSubstitutor' and 'PrefixingImageNameSubstitutor')
2025-03-21T22:36:08.610+05:30  INFO 73241 --- [backend] [restartedMain] org.testcontainers.DockerClientFactory   : Testcontainers version: 1.20.5
2025-03-21T22:36:08.836+05:30  INFO 73241 --- [backend] [restartedMain] o.t.d.DockerClientProviderStrategy       : Loaded org.testcontainers.dockerclient.UnixSocketClientProviderStrategy from ~/.testcontainers.properties, will try it first
2025-03-21T22:36:09.655+05:30  INFO 73241 --- [backend] [restartedMain] o.t.d.DockerClientProviderStrategy       : Found Docker environment with local Unix socket (unix:///var/run/docker.sock)
2025-03-21T22:36:09.659+05:30  INFO 73241 --- [backend] [restartedMain] org.testcontainers.DockerClientFactory   : Docker host IP address is localhost
2025-03-21T22:36:09.701+05:30  INFO 73241 --- [backend] [restartedMain] org.testcontainers.DockerClientFactory   : Connected to docker: 
  Server Version: 28.0.1
  API Version: 1.48
  Operating System: Ubuntu 24.04.2 LTS
  Total Memory: 7586 MB
2025-03-21T22:36:09.787+05:30  INFO 73241 --- [backend] [restartedMain] tc.testcontainers/ryuk:0.11.0            : Pulling docker image: testcontainers/ryuk:0.11.0. Please be patient; this may take some time but only needs to be done once.
2025-03-21T22:36:09.794+05:30  INFO 73241 --- [backend] [restartedMain] o.t.utility.RegistryAuthLocator          : Failure when attempting to lookup auth config. Please ignore if you don't have images in an authenticated registry. Details: (dockerImageName: testcontainers/ryuk:latest, configFile: /home/shifana/.docker/config.json, configEnv: DOCKER_AUTH_CONFIG). Falling back to docker-java default behaviour. Exception message: Status 404: No config supplied. Checked in order: /home/shifana/.docker/config.json (file not found), DOCKER_AUTH_CONFIG (not set)
2025-03-21T22:36:17.678+05:30  INFO 73241 --- [backend] [docker-java-stream--1327023394] tc.testcontainers/ryuk:0.11.0            : Starting to pull image
2025-03-21T22:36:17.745+05:30  INFO 73241 --- [backend] [docker-java-stream--1327023394] tc.testcontainers/ryuk:0.11.0            : Pulling image layers:  0 pending,  0 downloaded,  0 extracted, (0 bytes/0 bytes)
2025-03-21T22:36:20.245+05:30  INFO 73241 --- [backend] [docker-java-stream--1327023394] tc.testcontainers/ryuk:0.11.0            : Pulling image layers:  2 pending,  1 downloaded,  0 extracted, (879 KB/? MB)
2025-03-21T22:36:22.306+05:30  INFO 73241 --- [backend] [docker-java-stream--1327023394] tc.testcontainers/ryuk:0.11.0            : Pulling image layers:  1 pending,  2 downloaded,  0 extracted, (7 MB/? MB)
2025-03-21T22:36:27.074+05:30  INFO 73241 --- [backend] [docker-java-stream--1327023394] tc.testcontainers/ryuk:0.11.0            : Pulling image layers:  0 pending,  3 downloaded,  0 extracted, (10 MB/10 MB)
2025-03-21T22:36:27.094+05:30  INFO 73241 --- [backend] [docker-java-stream--1327023394] tc.testcontainers/ryuk:0.11.0            : Pull complete. 3 layers, pulled in 9s (downloaded 10 MB at 1 MB/s)
2025-03-21T22:36:30.542+05:30  INFO 73241 --- [backend] [docker-java-stream-1460399245] tc.testcontainers/ryuk:0.11.0            : Starting to pull image
2025-03-21T22:36:30.543+05:30  INFO 73241 --- [backend] [docker-java-stream-1460399245] tc.testcontainers/ryuk:0.11.0            : Pulling image layers:  0 pending,  0 downloaded,  0 extracted, (0 bytes/0 bytes)
2025-03-21T22:36:33.309+05:30  INFO 73241 --- [backend] [docker-java-stream-1460399245] tc.testcontainers/ryuk:0.11.0            : Pulling image layers:  2 pending,  1 downloaded,  0 extracted, (2 MB/? MB)
2025-03-21T22:36:33.938+05:30  INFO 73241 --- [backend] [docker-java-stream-1460399245] tc.testcontainers/ryuk:0.11.0            : Pulling image layers:  1 pending,  2 downloaded,  0 extracted, (4 MB/? MB)
2025-03-21T22:36:42.785+05:30  INFO 73241 --- [backend] [docker-java-stream-1460399245] tc.testcontainers/ryuk:0.11.0            : Pulling image layers:  0 pending,  3 downloaded,  0 extracted, (10 MB/10 MB)
2025-03-21T22:36:42.788+05:30  INFO 73241 --- [backend] [docker-java-stream-1460399245] tc.testcontainers/ryuk:0.11.0            : Pull complete. 3 layers, pulled in 12s (downloaded 10 MB at 922 KB/s)
2025-03-21T22:36:42.793+05:30  INFO 73241 --- [backend] [restartedMain] tc.testcontainers/ryuk:0.11.0            : Pulling docker image: testcontainers/ryuk:0.11.0. Please be patient; this may take some time but only needs to be done once.
2025-03-21T22:36:46.325+05:30  INFO 73241 --- [backend] [docker-java-stream--1327023394] tc.testcontainers/ryuk:0.11.0            : Starting to pull image
2025-03-21T22:36:46.326+05:30  INFO 73241 --- [backend] [docker-java-stream--1327023394] tc.testcontainers/ryuk:0.11.0            : Pulling image layers:  0 pending,  0 downloaded,  0 extracted, (0 bytes/0 bytes)
2025-03-21T22:36:49.621+05:30  INFO 73241 --- [backend] [docker-java-stream--1327023394] tc.testcontainers/ryuk:0.11.0            : Pulling image layers:  2 pending,  1 downloaded,  0 extracted, (1 MB/? MB)
2025-03-21T22:36:51.334+05:30  INFO 73241 --- [backend] [docker-java-stream--1327023394] tc.testcontainers/ryuk:0.11.0            : Pulling image layers:  1 pending,  2 downloaded,  0 extracted, (8 MB/? MB)
2025-03-21T22:36:55.196+05:30  INFO 73241 --- [backend] [docker-java-stream--1327023394] tc.testcontainers/ryuk:0.11.0            : Pulling image layers:  0 pending,  3 downloaded,  0 extracted, (10 MB/10 MB)
2025-03-21T22:36:55.212+05:30  INFO 73241 --- [backend] [docker-java-stream--1327023394] tc.testcontainers/ryuk:0.11.0            : Pull complete. 3 layers, pulled in 8s (downloaded 10 MB at 1 MB/s)
2025-03-21T22:36:59.039+05:30  INFO 73241 --- [backend] [docker-java-stream-1460399245] tc.testcontainers/ryuk:0.11.0            : Starting to pull image
2025-03-21T22:36:59.045+05:30  INFO 73241 --- [backend] [docker-java-stream-1460399245] tc.testcontainers/ryuk:0.11.0            : Pulling image layers:  0 pending,  0 downloaded,  0 extracted, (0 bytes/0 bytes)
2025-03-21T22:37:02.893+05:30  INFO 73241 --- [backend] [docker-java-stream-1460399245] tc.testcontainers/ryuk:0.11.0            : Pulling image layers:  2 pending,  1 downloaded,  0 extracted, (2 MB/? MB)
2025-03-21T22:37:04.223+05:30  INFO 73241 --- [backend] [docker-java-stream-1460399245] tc.testcontainers/ryuk:0.11.0            : Pulling image layers:  1 pending,  2 downloaded,  0 extracted, (8 MB/? MB)
2025-03-21T22:37:05.897+05:30  INFO 73241 --- [backend] [docker-java-stream-1460399245] tc.testcontainers/ryuk:0.11.0            : Pulling image layers:  0 pending,  3 downloaded,  0 extracted, (9 MB/10 MB)
2025-03-21T22:37:05.915+05:30  INFO 73241 --- [backend] [docker-java-stream-1460399245] tc.testcontainers/ryuk:0.11.0            : Pull complete. 3 layers, pulled in 6s (downloaded 9 MB at 1 MB/s)
2025-03-21T22:37:05.927+05:30  WARN 73241 --- [backend] [restartedMain] ConfigServletWebServerApplicationContext : Exception encountered during context initialization - cancelling refresh attempt: org.springframework.beans.factory.BeanCreationException: Error creating bean with name 'entityManagerFactory' defined in class path resource [org/springframework/boot/autoconfigure/orm/jpa/HibernateJpaConfiguration.class]: Failed to initialize dependency 'dataSourceScriptDatabaseInitializer' of LoadTimeWeaverAware bean 'entityManagerFactory': Error creating bean with name 'dataSourceScriptDatabaseInitializer' defined in class path resource [org/springframework/boot/autoconfigure/sql/init/DataSourceInitializationConfiguration.class]: Unsatisfied dependency expressed through method 'dataSourceScriptDatabaseInitializer' parameter 0: Error creating bean with name 'dataSource' defined in class path resource [org/springframework/boot/autoconfigure/jdbc/DataSourceConfiguration$Hikari.class]: Unsatisfied dependency expressed through method 'dataSource' parameter 1: Error creating bean with name 'jdbcContainerConnectionDetailsForMysqlContainer': Error creating bean with name 'mysqlContainer' defined in com.s6_se_lab.backend.TestcontainersConfiguration: Can't get Docker image: RemoteDockerImage(imageName=testcontainers/ryuk:0.11.0, imagePullPolicy=DefaultPullPolicy(), imageNameSubstitutor=org.testcontainers.utility.ImageNameSubstitutor$LogWrappedImageNameSubstitutor@1642e43a)
2025-03-21T22:37:05.969+05:30  INFO 73241 --- [backend] [restartedMain] o.apache.catalina.core.StandardService   : Stopping service [Tomcat]
2025-03-21T22:37:06.091+05:30  INFO 73241 --- [backend] [restartedMain] .s.b.a.l.ConditionEvaluationReportLogger : 

Error starting ApplicationContext. To display the condition evaluation report re-run your application with 'debug' enabled.
2025-03-21T22:37:06.171+05:30 ERROR 73241 --- [backend] [restartedMain] o.s.boot.SpringApplication               : Application run failed

org.springframework.beans.factory.BeanCreationException: Error creating bean with name 'entityManagerFactory' defined in class path resource [org/springframework/boot/autoconfigure/orm/jpa/HibernateJpaConfiguration.class]: Failed to initialize dependency 'dataSourceScriptDatabaseInitializer' of LoadTimeWeaverAware bean 'entityManagerFactory': Error creating bean with name 'dataSourceScriptDatabaseInitializer' defined in class path resource [org/springframework/boot/autoconfigure/sql/init/DataSourceInitializationConfiguration.class]: Unsatisfied dependency expressed through method 'dataSourceScriptDatabaseInitializer' parameter 0: Error creating bean with name 'dataSource' defined in class path resource [org/springframework/boot/autoconfigure/jdbc/DataSourceConfiguration$Hikari.class]: Unsatisfied dependency expressed through method 'dataSource' parameter 1: Error creating bean with name 'jdbcContainerConnectionDetailsForMysqlContainer': Error creating bean with name 'mysqlContainer' defined in com.s6_se_lab.backend.TestcontainersConfiguration: Can't get Docker image: RemoteDockerImage(imageName=testcontainers/ryuk:0.11.0, imagePullPolicy=DefaultPullPolicy(), imageNameSubstitutor=org.testcontainers.utility.ImageNameSubstitutor$LogWrappedImageNameSubstitutor@1642e43a)
	at org.springframework.beans.factory.support.AbstractBeanFactory.doGetBean(AbstractBeanFactory.java:328) ~[spring-beans-6.2.3.jar:6.2.3]
	at org.springframework.beans.factory.support.AbstractBeanFactory.getBean(AbstractBeanFactory.java:207) ~[spring-beans-6.2.3.jar:6.2.3]
	at org.springframework.context.support.AbstractApplicationContext.finishBeanFactoryInitialization(AbstractApplicationContext.java:970) ~[spring-context-6.2.3.jar:6.2.3]
	at org.springframework.context.support.AbstractApplicationContext.refresh(AbstractApplicationContext.java:627) ~[spring-context-6.2.3.jar:6.2.3]
	at org.springframework.boot.web.servlet.context.ServletWebServerApplicationContext.refresh(ServletWebServerApplicationContext.java:146) ~[spring-boot-3.4.3.jar:3.4.3]
	at org.springframework.boot.SpringApplication.refresh(SpringApplication.java:752) ~[spring-boot-3.4.3.jar:3.4.3]
	at org.springframework.boot.SpringApplication.refreshContext(SpringApplication.java:439) ~[spring-boot-3.4.3.jar:3.4.3]
	at org.springframework.boot.SpringApplication.run(SpringApplication.java:318) ~[spring-boot-3.4.3.jar:3.4.3]
	at org.springframework.boot.SpringApplication.run(SpringApplication.java:1361) ~[spring-boot-3.4.3.jar:3.4.3]
	at org.springframework.boot.SpringApplication.run(SpringApplication.java:1350) ~[spring-boot-3.4.3.jar:3.4.3]
	at com.s6_se_lab.backend.BackendApplication.main(BackendApplication.java:10) ~[classes/:na]
	at org.springframework.util.function.ThrowingConsumer.accept(ThrowingConsumer.java:60) ~[spring-core-6.2.3.jar:6.2.3]
	at org.springframework.util.function.ThrowingConsumer.accept(ThrowingConsumer.java:49) ~[spring-core-6.2.3.jar:6.2.3]
	at org.springframework.boot.SpringApplication$Augmented.lambda$run$2(SpringApplication.java:1537) ~[spring-boot-3.4.3.jar:3.4.3]
	at org.springframework.boot.SpringApplication.lambda$withHook$7(SpringApplication.java:1443) ~[spring-boot-3.4.3.jar:3.4.3]
	at org.springframework.util.function.ThrowingSupplier.get(ThrowingSupplier.java:58) ~[spring-core-6.2.3.jar:6.2.3]
	at org.springframework.util.function.ThrowingSupplier.get(ThrowingSupplier.java:46) ~[spring-core-6.2.3.jar:6.2.3]
	at org.springframework.boot.SpringApplication.withHook(SpringApplication.java:1461) ~[spring-boot-3.4.3.jar:3.4.3]
	at org.springframework.boot.SpringApplication.withHook(SpringApplication.java:1442) ~[spring-boot-3.4.3.jar:3.4.3]
	at org.springframework.boot.SpringApplication$Augmented.run(SpringApplication.java:1537) ~[spring-boot-3.4.3.jar:3.4.3]
	at com.s6_se_lab.backend.TestBackendApplication.main(TestBackendApplication.java:8) ~[test-classes/:na]
	at java.base/jdk.internal.reflect.NativeMethodAccessorImpl.invoke0(Native Method) ~[na:na]
	at java.base/jdk.internal.reflect.NativeMethodAccessorImpl.invoke(NativeMethodAccessorImpl.java:77) ~[na:na]
	at java.base/jdk.internal.reflect.DelegatingMethodAccessorImpl.invoke(DelegatingMethodAccessorImpl.java:43) ~[na:na]
	at java.base/java.lang.reflect.Method.invoke(Method.java:569) ~[na:na]
	at org.springframework.boot.devtools.restart.RestartLauncher.run(RestartLauncher.java:50) ~[spring-boot-devtools-3.4.3.jar:3.4.3]
Caused by: org.springframework.beans.factory.UnsatisfiedDependencyException: Error creating bean with name 'dataSourceScriptDatabaseInitializer' defined in class path resource [org/springframework/boot/autoconfigure/sql/init/DataSourceInitializationConfiguration.class]: Unsatisfied dependency expressed through method 'dataSourceScriptDatabaseInitializer' parameter 0: Error creating bean with name 'dataSource' defined in class path resource [org/springframework/boot/autoconfigure/jdbc/DataSourceConfiguration$Hikari.class]: Unsatisfied dependency expressed through method 'dataSource' parameter 1: Error creating bean with name 'jdbcContainerConnectionDetailsForMysqlContainer': Error creating bean with name 'mysqlContainer' defined in com.s6_se_lab.backend.TestcontainersConfiguration: Can't get Docker image: RemoteDockerImage(imageName=testcontainers/ryuk:0.11.0, imagePullPolicy=DefaultPullPolicy(), imageNameSubstitutor=org.testcontainers.utility.ImageNameSubstitutor$LogWrappedImageNameSubstitutor@1642e43a)
	at org.springframework.beans.factory.support.ConstructorResolver.createArgumentArray(ConstructorResolver.java:804) ~[spring-beans-6.2.3.jar:6.2.3]
	at org.springframework.beans.factory.support.ConstructorResolver.instantiateUsingFactoryMethod(ConstructorResolver.java:546) ~[spring-beans-6.2.3.jar:6.2.3]
	at org.springframework.beans.factory.support.AbstractAutowireCapableBeanFactory.instantiateUsingFactoryMethod(AbstractAutowireCapableBeanFactory.java:1361) ~[spring-beans-6.2.3.jar:6.2.3]
	at org.springframework.beans.factory.support.AbstractAutowireCapableBeanFactory.createBeanInstance(AbstractAutowireCapableBeanFactory.java:1191) ~[spring-beans-6.2.3.jar:6.2.3]
	at org.springframework.beans.factory.support.AbstractAutowireCapableBeanFactory.doCreateBean(AbstractAutowireCapableBeanFactory.java:563) ~[spring-beans-6.2.3.jar:6.2.3]
	at org.springframework.beans.factory.support.AbstractAutowireCapableBeanFactory.createBean(AbstractAutowireCapableBeanFactory.java:523) ~[spring-beans-6.2.3.jar:6.2.3]
	at org.springframework.beans.factory.support.AbstractBeanFactory.lambda$doGetBean$0(AbstractBeanFactory.java:339) ~[spring-beans-6.2.3.jar:6.2.3]
	at org.springframework.beans.factory.support.DefaultSingletonBeanRegistry.getSingleton(DefaultSingletonBeanRegistry.java:346) ~[spring-beans-6.2.3.jar:6.2.3]
	at org.springframework.beans.factory.support.AbstractBeanFactory.doGetBean(AbstractBeanFactory.java:337) ~[spring-beans-6.2.3.jar:6.2.3]
	at org.springframework.beans.factory.support.AbstractBeanFactory.getBean(AbstractBeanFactory.java:202) ~[spring-beans-6.2.3.jar:6.2.3]
	at org.springframework.beans.factory.support.AbstractBeanFactory.doGetBean(AbstractBeanFactory.java:315) ~[spring-beans-6.2.3.jar:6.2.3]
	... 25 common frames omitted
Caused by: org.springframework.beans.factory.UnsatisfiedDependencyException: Error creating bean with name 'dataSource' defined in class path resource [org/springframework/boot/autoconfigure/jdbc/DataSourceConfiguration$Hikari.class]: Unsatisfied dependency expressed through method 'dataSource' parameter 1: Error creating bean with name 'jdbcContainerConnectionDetailsForMysqlContainer': Error creating bean with name 'mysqlContainer' defined in com.s6_se_lab.backend.TestcontainersConfiguration: Can't get Docker image: RemoteDockerImage(imageName=testcontainers/ryuk:0.11.0, imagePullPolicy=DefaultPullPolicy(), imageNameSubstitutor=org.testcontainers.utility.ImageNameSubstitutor$LogWrappedImageNameSubstitutor@1642e43a)
	at org.springframework.beans.factory.support.ConstructorResolver.createArgumentArray(ConstructorResolver.java:804) ~[spring-beans-6.2.3.jar:6.2.3]
	at org.springframework.beans.factory.support.ConstructorResolver.instantiateUsingFactoryMethod(ConstructorResolver.java:546) ~[spring-beans-6.2.3.jar:6.2.3]
	at org.springframework.beans.factory.support.AbstractAutowireCapableBeanFactory.instantiateUsingFactoryMethod(AbstractAutowireCapableBeanFactory.java:1361) ~[spring-beans-6.2.3.jar:6.2.3]
	at org.springframework.beans.factory.support.AbstractAutowireCapableBeanFactory.createBeanInstance(AbstractAutowireCapableBeanFactory.java:1191) ~[spring-beans-6.2.3.jar:6.2.3]
	at org.springframework.beans.factory.support.AbstractAutowireCapableBeanFactory.doCreateBean(AbstractAutowireCapableBeanFactory.java:563) ~[spring-beans-6.2.3.jar:6.2.3]
	at org.springframework.beans.factory.support.AbstractAutowireCapableBeanFactory.createBean(AbstractAutowireCapableBeanFactory.java:523) ~[spring-beans-6.2.3.jar:6.2.3]
	at org.springframework.beans.factory.support.AbstractBeanFactory.lambda$doGetBean$0(AbstractBeanFactory.java:339) ~[spring-beans-6.2.3.jar:6.2.3]
	at org.springframework.beans.factory.support.DefaultSingletonBeanRegistry.getSingleton(DefaultSingletonBeanRegistry.java:346) ~[spring-beans-6.2.3.jar:6.2.3]
	at org.springframework.beans.factory.support.AbstractBeanFactory.doGetBean(AbstractBeanFactory.java:337) ~[spring-beans-6.2.3.jar:6.2.3]
	at org.springframework.beans.factory.support.AbstractBeanFactory.getBean(AbstractBeanFactory.java:202) ~[spring-beans-6.2.3.jar:6.2.3]
	at org.springframework.beans.factory.support.DefaultListableBeanFactory.doResolveDependency(DefaultListableBeanFactory.java:1606) ~[spring-beans-6.2.3.jar:6.2.3]
	at org.springframework.beans.factory.support.DefaultListableBeanFactory.resolveDependency(DefaultListableBeanFactory.java:1552) ~[spring-beans-6.2.3.jar:6.2.3]
	at org.springframework.beans.factory.support.ConstructorResolver.resolveAutowiredArgument(ConstructorResolver.java:913) ~[spring-beans-6.2.3.jar:6.2.3]
	at org.springframework.beans.factory.support.ConstructorResolver.createArgumentArray(ConstructorResolver.java:791) ~[spring-beans-6.2.3.jar:6.2.3]
	... 35 common frames omitted
Caused by: org.springframework.beans.factory.BeanCreationException: Error creating bean with name 'jdbcContainerConnectionDetailsForMysqlContainer': Error creating bean with name 'mysqlContainer' defined in com.s6_se_lab.backend.TestcontainersConfiguration: Can't get Docker image: RemoteDockerImage(imageName=testcontainers/ryuk:0.11.0, imagePullPolicy=DefaultPullPolicy(), imageNameSubstitutor=org.testcontainers.utility.ImageNameSubstitutor$LogWrappedImageNameSubstitutor@1642e43a)
	at org.springframework.beans.factory.support.AbstractAutowireCapableBeanFactory.initializeBean(AbstractAutowireCapableBeanFactory.java:1812) ~[spring-beans-6.2.3.jar:6.2.3]
	at org.springframework.beans.factory.support.AbstractAutowireCapableBeanFactory.doCreateBean(AbstractAutowireCapableBeanFactory.java:601) ~[spring-beans-6.2.3.jar:6.2.3]
	at org.springframework.beans.factory.support.AbstractAutowireCapableBeanFactory.createBean(AbstractAutowireCapableBeanFactory.java:523) ~[spring-beans-6.2.3.jar:6.2.3]
	at org.springframework.beans.factory.support.AbstractBeanFactory.lambda$doGetBean$0(AbstractBeanFactory.java:339) ~[spring-beans-6.2.3.jar:6.2.3]
	at org.springframework.beans.factory.support.DefaultSingletonBeanRegistry.getSingleton(DefaultSingletonBeanRegistry.java:346) ~[spring-beans-6.2.3.jar:6.2.3]
	at org.springframework.beans.factory.support.AbstractBeanFactory.doGetBean(AbstractBeanFactory.java:337) ~[spring-beans-6.2.3.jar:6.2.3]
	at org.springframework.beans.factory.support.AbstractBeanFactory.getBean(AbstractBeanFactory.java:202) ~[spring-beans-6.2.3.jar:6.2.3]
	at org.springframework.beans.factory.config.DependencyDescriptor.resolveCandidate(DependencyDescriptor.java:254) ~[spring-beans-6.2.3.jar:6.2.3]
	at org.springframework.beans.factory.support.DefaultListableBeanFactory.doResolveDependency(DefaultListableBeanFactory.java:1664) ~[spring-beans-6.2.3.jar:6.2.3]
	at org.springframework.beans.factory.support.DefaultListableBeanFactory.resolveDependency(DefaultListableBeanFactory.java:1552) ~[spring-beans-6.2.3.jar:6.2.3]
	at org.springframework.beans.factory.support.ConstructorResolver.resolveAutowiredArgument(ConstructorResolver.java:913) ~[spring-beans-6.2.3.jar:6.2.3]
	at org.springframework.beans.factory.support.ConstructorResolver.createArgumentArray(ConstructorResolver.java:791) ~[spring-beans-6.2.3.jar:6.2.3]
	... 48 common frames omitted
Caused by: org.springframework.beans.factory.BeanCreationException: Error creating bean with name 'mysqlContainer' defined in com.s6_se_lab.backend.TestcontainersConfiguration: Can't get Docker image: RemoteDockerImage(imageName=testcontainers/ryuk:0.11.0, imagePullPolicy=DefaultPullPolicy(), imageNameSubstitutor=org.testcontainers.utility.ImageNameSubstitutor$LogWrappedImageNameSubstitutor@1642e43a)
	at org.springframework.beans.factory.support.AbstractAutowireCapableBeanFactory.doCreateBean(AbstractAutowireCapableBeanFactory.java:608) ~[spring-beans-6.2.3.jar:6.2.3]
	at org.springframework.beans.factory.support.AbstractAutowireCapableBeanFactory.createBean(AbstractAutowireCapableBeanFactory.java:523) ~[spring-beans-6.2.3.jar:6.2.3]
	at org.springframework.beans.factory.support.AbstractBeanFactory.lambda$doGetBean$0(AbstractBeanFactory.java:339) ~[spring-beans-6.2.3.jar:6.2.3]
	at org.springframework.beans.factory.support.DefaultSingletonBeanRegistry.getSingleton(DefaultSingletonBeanRegistry.java:346) ~[spring-beans-6.2.3.jar:6.2.3]
	at org.springframework.beans.factory.support.AbstractBeanFactory.doGetBean(AbstractBeanFactory.java:337) ~[spring-beans-6.2.3.jar:6.2.3]
	at org.springframework.beans.factory.support.AbstractBeanFactory.getBean(AbstractBeanFactory.java:207) ~[spring-beans-6.2.3.jar:6.2.3]
	at org.springframework.boot.testcontainers.service.connection.ServiceConnectionAutoConfigurationRegistrar.lambda$createSource$0(ServiceConnectionAutoConfigurationRegistrar.java:100) ~[spring-boot-testcontainers-3.4.3.jar:3.4.3]
	at org.springframework.boot.testcontainers.service.connection.ContainerConnectionDetailsFactory$ContainerConnectionDetails.afterPropertiesSet(ContainerConnectionDetailsFactory.java:180) ~[spring-boot-testcontainers-3.4.3.jar:3.4.3]
	at org.springframework.beans.factory.support.AbstractAutowireCapableBeanFactory.invokeInitMethods(AbstractAutowireCapableBeanFactory.java:1859) ~[spring-beans-6.2.3.jar:6.2.3]
	at org.springframework.beans.factory.support.AbstractAutowireCapableBeanFactory.initializeBean(AbstractAutowireCapableBeanFactory.java:1808) ~[spring-beans-6.2.3.jar:6.2.3]
	... 59 common frames omitted
Caused by: org.testcontainers.containers.ContainerFetchException: Can't get Docker image: RemoteDockerImage(imageName=testcontainers/ryuk:0.11.0, imagePullPolicy=DefaultPullPolicy(), imageNameSubstitutor=org.testcontainers.utility.ImageNameSubstitutor$LogWrappedImageNameSubstitutor@1642e43a)
	at org.testcontainers.containers.GenericContainer.getDockerImageName(GenericContainer.java:1364) ~[testcontainers-1.20.5.jar:na]
	at org.testcontainers.containers.GenericContainer.doStart(GenericContainer.java:351) ~[testcontainers-1.20.5.jar:na]
	at org.testcontainers.containers.GenericContainer.start(GenericContainer.java:322) ~[testcontainers-1.20.5.jar:na]
	at org.testcontainers.utility.RyukResourceReaper.maybeStart(RyukResourceReaper.java:78) ~[testcontainers-1.20.5.jar:1.20.5]
	at org.testcontainers.utility.RyukResourceReaper.init(RyukResourceReaper.java:42) ~[testcontainers-1.20.5.jar:1.20.5]
	at org.testcontainers.DockerClientFactory.client(DockerClientFactory.java:245) ~[testcontainers-1.20.5.jar:1.20.5]
	at org.testcontainers.DockerClientFactory$1.getDockerClient(DockerClientFactory.java:108) ~[testcontainers-1.20.5.jar:1.20.5]
	at com.github.dockerjava.api.DockerClientDelegate.authConfig(DockerClientDelegate.java:109) ~[docker-java-api-3.4.1.jar:na]
	at org.testcontainers.containers.GenericContainer.start(GenericContainer.java:321) ~[testcontainers-1.20.5.jar:na]
	at org.springframework.boot.testcontainers.lifecycle.TestcontainersStartup.start(TestcontainersStartup.java:108) ~[spring-boot-testcontainers-3.4.3.jar:3.4.3]
	at java.base/java.lang.Iterable.forEach(Iterable.java:75) ~[na:na]
	at org.springframework.boot.testcontainers.lifecycle.TestcontainersStartup$1.start(TestcontainersStartup.java:49) ~[spring-boot-testcontainers-3.4.3.jar:3.4.3]
	at org.springframework.boot.testcontainers.lifecycle.TestcontainersLifecycleBeanPostProcessor.start(TestcontainersLifecycleBeanPostProcessor.java:135) ~[spring-boot-testcontainers-3.4.3.jar:3.4.3]
	at org.springframework.boot.testcontainers.lifecycle.TestcontainersLifecycleBeanPostProcessor.initializeStartables(TestcontainersLifecycleBeanPostProcessor.java:123) ~[spring-boot-testcontainers-3.4.3.jar:3.4.3]
	at org.springframework.boot.testcontainers.lifecycle.TestcontainersLifecycleBeanPostProcessor.postProcessAfterInitialization(TestcontainersLifecycleBeanPostProcessor.java:96) ~[spring-boot-testcontainers-3.4.3.jar:3.4.3]
	at org.springframework.beans.factory.support.AbstractAutowireCapableBeanFactory.applyBeanPostProcessorsAfterInitialization(AbstractAutowireCapableBeanFactory.java:439) ~[spring-beans-6.2.3.jar:6.2.3]
	at org.springframework.beans.factory.support.AbstractAutowireCapableBeanFactory.initializeBean(AbstractAutowireCapableBeanFactory.java:1815) ~[spring-beans-6.2.3.jar:6.2.3]
	at org.springframework.beans.factory.support.AbstractAutowireCapableBeanFactory.doCreateBean(AbstractAutowireCapableBeanFactory.java:601) ~[spring-beans-6.2.3.jar:6.2.3]
	... 68 common frames omitted
Caused by: org.testcontainers.containers.ContainerFetchException: Failed to get Docker client for testcontainers/ryuk:0.11.0
	at org.testcontainers.images.RemoteDockerImage.resolve(RemoteDockerImage.java:128) ~[testcontainers-1.20.5.jar:1.20.5]
	at org.testcontainers.images.RemoteDockerImage.resolve(RemoteDockerImage.java:35) ~[testcontainers-1.20.5.jar:1.20.5]
	at org.testcontainers.utility.LazyFuture.getResolvedValue(LazyFuture.java:20) ~[testcontainers-1.20.5.jar:1.20.5]
	at org.testcontainers.utility.LazyFuture.get(LazyFuture.java:41) ~[testcontainers-1.20.5.jar:1.20.5]
	at org.testcontainers.containers.GenericContainer.getDockerImageName(GenericContainer.java:1362) ~[testcontainers-1.20.5.jar:na]
	... 85 common frames omitted
Caused by: com.github.dockerjava.api.exception.DockerClientException: Could not pull image: failed to register layer: exit status 22: unpigz: abort: zlib version less than 1.2.3

	at com.github.dockerjava.api.command.PullImageResultCallback.checkDockerClientPullSuccessful(PullImageResultCallback.java:97) ~[docker-java-api-3.4.1.jar:na]
	at com.github.dockerjava.api.command.PullImageResultCallback.throwFirstError(PullImageResultCallback.java:112) ~[docker-java-api-3.4.1.jar:na]
	at com.github.dockerjava.api.async.ResultCallbackTemplate.awaitCompletion(ResultCallbackTemplate.java:93) ~[docker-java-api-3.4.1.jar:na]
	at org.testcontainers.images.TimeLimitedLoggedPullImageResultCallback.awaitCompletion(TimeLimitedLoggedPullImageResultCallback.java:58) ~[testcontainers-1.20.5.jar:1.20.5]
	at org.testcontainers.images.RemoteDockerImage.pullImage(RemoteDockerImage.java:167) ~[testcontainers-1.20.5.jar:1.20.5]
	at org.testcontainers.images.RemoteDockerImage.lambda$tryImagePullCommand$1(RemoteDockerImage.java:142) ~[testcontainers-1.20.5.jar:1.20.5]
	at org.testcontainers.shaded.org.awaitility.core.CallableCondition$ConditionEvaluationWrapper.eval(CallableCondition.java:99) ~[testcontainers-1.20.5.jar:1.20.5]
	at org.testcontainers.shaded.org.awaitility.core.ConditionAwaiter$ConditionPoller.call(ConditionAwaiter.java:248) ~[testcontainers-1.20.5.jar:1.20.5]
	at org.testcontainers.shaded.org.awaitility.core.ConditionAwaiter$ConditionPoller.call(ConditionAwaiter.java:235) ~[testcontainers-1.20.5.jar:1.20.5]
	at java.base/java.util.concurrent.FutureTask.run(FutureTask.java:264) ~[na:na]
	at org.testcontainers.shaded.org.awaitility.core.SameThreadExecutorService.execute(SameThreadExecutorService.java:79) ~[testcontainers-1.20.5.jar:1.20.5]
	at java.base/java.util.concurrent.AbstractExecutorService.submit(AbstractExecutorService.java:145) ~[na:na]
	at org.testcontainers.shaded.org.awaitility.core.ConditionAwaiter.await(ConditionAwaiter.java:101) ~[testcontainers-1.20.5.jar:1.20.5]
	at org.testcontainers.shaded.org.awaitility.core.CallableCondition.await(CallableCondition.java:78) ~[testcontainers-1.20.5.jar:1.20.5]
	at org.testcontainers.shaded.org.awaitility.core.CallableCondition.await(CallableCondition.java:26) ~[testcontainers-1.20.5.jar:1.20.5]
	at org.testcontainers.shaded.org.awaitility.core.ConditionFactory.until(ConditionFactory.java:985) ~[testcontainers-1.20.5.jar:1.20.5]
	at org.testcontainers.shaded.org.awaitility.core.ConditionFactory.until(ConditionFactory.java:954) ~[testcontainers-1.20.5.jar:1.20.5]
	at org.testcontainers.images.RemoteDockerImage.resolve(RemoteDockerImage.java:109) ~[testcontainers-1.20.5.jar:1.20.5]
	... 89 common frames omitted

